[0.014s] Invoking command in '/home/yezi/chapt_ws/build/example_ros2_interface': /usr/bin/cmake /home/yezi/chapt_ws/src/example_ros2_interface -DCMAKE_INSTALL_PREFIX=/home/yezi/chapt_ws/install/example_ros2_interface
[0.038s] [31mCMake Error at CMakeLists.txt:9 (find_package):
[0.038s]   By not providing "Findament_cmake.cmake" in CMAKE_MODULE_PATH this project
[0.038s]   has asked CMake to find a package configuration file provided by
[0.038s]   "ament_cmake", but CMake did not find one.
[0.038s] 
[0.038s]   Could not find a package configuration file provided by "ament_cmake" with
[0.038s]   any of the following names:
[0.038s] 
[0.038s]     ament_cmakeConfig.cmake
[0.039s]     ament_cmake-config.cmake
[0.039s] 
[0.039s]   Add the installation prefix of "ament_cmake" to CMAKE_PREFIX_PATH or set
[0.039s]   "ament_cmake_DIR" to a directory containing one of the above files.  If
[0.039s]   "ament_cmake" provides a separate development package or SDK, be sure it
[0.039s]   has been installed.
[0.039s] 
[0.039s] [0m
[0.039s] -- Configuring incomplete, errors occurred!
[0.039s] See also "/home/yezi/chapt_ws/build/example_ros2_interface/CMakeFiles/CMakeOutput.log".
[0.040s] Invoked command in '/home/yezi/chapt_ws/build/example_ros2_interface' returned '1': /usr/bin/cmake /home/yezi/chapt_ws/src/example_ros2_interface -DCMAKE_INSTALL_PREFIX=/home/yezi/chapt_ws/install/example_ros2_interface
