[0.089s] Invoking command in '/home/yezi/chapt_ws/build/example_ros2_interface': CMAKE_PREFIX_PATH=/home/yezi/chapt_ws/install/example_interfaces_rclpy:/opt/ros/humble /usr/bin/cmake /home/yezi/chapt_ws/src/example_ros2_interface -DCMAKE_INSTALL_PREFIX=/home/yezi/chapt_ws/install/example_ros2_interface
[0.306s] -- The C compiler identification is GNU 11.4.0
[0.525s] -- The CXX compiler identification is GNU 11.4.0
[0.542s] -- Detecting C compiler ABI info
[0.649s] -- Detecting C compiler ABI info - done
[0.654s] -- Check for working C compiler: /usr/bin/cc - skipped
[0.655s] -- Detecting C compile features
[0.656s] -- Detecting C compile features - done
[0.662s] -- Detecting CXX compiler ABI info
[0.753s] -- Detecting CXX compiler ABI info - done
[0.759s] -- Check for working CXX compiler: /usr/bin/c++ - skipped
[0.759s] -- Detecting CXX compile features
[0.760s] -- Detecting CXX compile features - done
[0.761s] [31mCMake Error at CMakeLists.txt:4 (rosidl_default_generators):
[0.761s]   Unknown CMake command "rosidl_default_generators".
[0.761s] 
[0.761s] [0m
[0.761s] -- Configuring incomplete, errors occurred!
[0.762s] See also "/home/yezi/chapt_ws/build/example_ros2_interface/CMakeFiles/CMakeOutput.log".
[0.765s] Invoked command in '/home/yezi/chapt_ws/build/example_ros2_interface' returned '1': CMAKE_PREFIX_PATH=/home/yezi/chapt_ws/install/example_interfaces_rclpy:/opt/ros/humble /usr/bin/cmake /home/yezi/chapt_ws/src/example_ros2_interface -DCMAKE_INSTALL_PREFIX=/home/yezi/chapt_ws/install/example_ros2_interface
