[0.593s] Invoking command in '/home/yezi/chapt_ws/src/example_interfaces_rclpy': PYTHONPATH=/home/yezi/chapt_ws/build/example_interfaces_rclpy/prefix_override:/usr/lib/python3/dist-packages/colcon_core/task/python/colcon_distutils_commands:/home/yezi/chapt_ws/install/example_interfaces_rclpy/lib/python3.10/site-packages:${PYTHONPATH} /usr/bin/python3 -W ignore:setup.py install is deprecated -W ignore:easy_install command is deprecated setup.py egg_info --egg-base ../../build/example_interfaces_rclpy build --build-base /home/yezi/chapt_ws/build/example_interfaces_rclpy/build install --record /home/yezi/chapt_ws/build/example_interfaces_rclpy/install.log --single-version-externally-managed install_data
[0.815s] running egg_info
[0.815s] writing ../../build/example_interfaces_rclpy/example_interfaces_rclpy.egg-info/PKG-INFO
[0.816s] writing dependency_links to ../../build/example_interfaces_rclpy/example_interfaces_rclpy.egg-info/dependency_links.txt
[0.816s] writing entry points to ../../build/example_interfaces_rclpy/example_interfaces_rclpy.egg-info/entry_points.txt
[0.816s] writing requirements to ../../build/example_interfaces_rclpy/example_interfaces_rclpy.egg-info/requires.txt
[0.817s] writing top-level names to ../../build/example_interfaces_rclpy/example_interfaces_rclpy.egg-info/top_level.txt
[0.818s] reading manifest file '../../build/example_interfaces_rclpy/example_interfaces_rclpy.egg-info/SOURCES.txt'
[0.819s] writing manifest file '../../build/example_interfaces_rclpy/example_interfaces_rclpy.egg-info/SOURCES.txt'
[0.819s] running build
[0.819s] running build_py
[0.820s] copying example_interfaces_rclpy/example_interfaces_control_02.py -> /home/yezi/chapt_ws/build/example_interfaces_rclpy/build/lib/example_interfaces_rclpy
[0.820s] copying example_interfaces_rclpy/example_interfaces_robot_02.py -> /home/yezi/chapt_ws/build/example_interfaces_rclpy/build/lib/example_interfaces_rclpy
[0.820s] running install
[0.821s] running install_lib
[0.822s] copying /home/yezi/chapt_ws/build/example_interfaces_rclpy/build/lib/example_interfaces_rclpy/example_interfaces_control_02.py -> /home/yezi/chapt_ws/install/example_interfaces_rclpy/lib/python3.10/site-packages/example_interfaces_rclpy
[0.822s] copying /home/yezi/chapt_ws/build/example_interfaces_rclpy/build/lib/example_interfaces_rclpy/example_interfaces_robot_02.py -> /home/yezi/chapt_ws/install/example_interfaces_rclpy/lib/python3.10/site-packages/example_interfaces_rclpy
[0.822s] byte-compiling /home/yezi/chapt_ws/install/example_interfaces_rclpy/lib/python3.10/site-packages/example_interfaces_rclpy/example_interfaces_control_02.py to example_interfaces_control_02.cpython-310.pyc
[0.823s] Sorry: IndentationError: unindent does not match any outer indentation level (example_interfaces_control_02.py, line 18)
[0.823s] byte-compiling /home/yezi/chapt_ws/install/example_interfaces_rclpy/lib/python3.10/site-packages/example_interfaces_rclpy/example_interfaces_robot_02.py to example_interfaces_robot_02.cpython-310.pyc
[0.824s] running install_data
[0.825s] running install_egg_info
[0.827s] removing '/home/yezi/chapt_ws/install/example_interfaces_rclpy/lib/python3.10/site-packages/example_interfaces_rclpy-0.0.0-py3.10.egg-info' (and everything under it)
[0.828s] Copying ../../build/example_interfaces_rclpy/example_interfaces_rclpy.egg-info to /home/yezi/chapt_ws/install/example_interfaces_rclpy/lib/python3.10/site-packages/example_interfaces_rclpy-0.0.0-py3.10.egg-info
[0.829s] running install_scripts
[0.855s] Installing example_interface_control_02 script to /home/yezi/chapt_ws/install/example_interfaces_rclpy/lib/example_interfaces_rclpy
[0.855s] Installing example_interfaces_robot_02 script to /home/yezi/chapt_ws/install/example_interfaces_rclpy/lib/example_interfaces_rclpy
[0.856s] writing list of installed files to '/home/yezi/chapt_ws/build/example_interfaces_rclpy/install.log'
[0.871s] Invoked command in '/home/yezi/chapt_ws/src/example_interfaces_rclpy' returned '0': PYTHONPATH=/home/yezi/chapt_ws/build/example_interfaces_rclpy/prefix_override:/usr/lib/python3/dist-packages/colcon_core/task/python/colcon_distutils_commands:/home/yezi/chapt_ws/install/example_interfaces_rclpy/lib/python3.10/site-packages:${PYTHONPATH} /usr/bin/python3 -W ignore:setup.py install is deprecated -W ignore:easy_install command is deprecated setup.py egg_info --egg-base ../../build/example_interfaces_rclpy build --build-base /home/yezi/chapt_ws/build/example_interfaces_rclpy/build install --record /home/yezi/chapt_ws/build/example_interfaces_rclpy/install.log --single-version-externally-managed install_data
