[0.016s] Invoking command in '/home/yezi/chapt_ws/build/example_ros2_interface': CMAKE_PREFIX_PATH=/opt/ros/humble /usr/bin/cmake /home/yezi/chapt_ws/src/example_ros2_interface -DCMAKE_INSTALL_PREFIX=/home/yezi/chapt_ws/install/example_ros2_interface
[0.043s] -- Found ament_cmake: 1.3.12 (/opt/ros/humble/share/ament_cmake/cmake)
[0.218s] -- Found Python3: /usr/bin/python3 (found version "3.10.12") found components: Interpreter 
[0.346s] -- Found rosidl_default_generators: 1.2.0 (/opt/ros/humble/share/rosidl_default_generators/cmake)
[0.359s] -- Using all available rosidl_typesupport_c: rosidl_typesupport_fastrtps_c;rosidl_typesupport_introspection_c
[0.374s] -- Found rosidl_adapter: 3.1.8 (/opt/ros/humble/share/rosidl_adapter/cmake)
[0.458s] -- Using all available rosidl_typesupport_cpp: rosidl_typesupport_fastrtps_cpp;rosidl_typesupport_introspection_cpp
[0.527s] -- Found geometry_msgs: 4.9.0 (/opt/ros/humble/share/geometry_msgs/cmake)
[0.887s] -- Found ament_cmake_ros: 0.10.0 (/opt/ros/humble/share/ament_cmake_ros/cmake)
[1.137s] -- Using all available rosidl_typesupport_c: rosidl_typesupport_fastrtps_c;rosidl_typesupport_introspection_c
[1.471s] -- Using all available rosidl_typesupport_cpp: rosidl_typesupport_fastrtps_cpp;rosidl_typesupport_introspection_cpp
[1.494s] -- Found PythonInterp: /usr/bin/python3 (found suitable version "3.10.12", minimum required is "3.6") 
[1.499s] -- Found python_cmake_module: 0.10.0 (/opt/ros/humble/share/python_cmake_module/cmake)
[1.532s] -- Found PythonLibs: /usr/lib/x86_64-linux-gnu/libpython3.10.so (found suitable version "3.10.12", minimum required is "3.5") 
[1.533s] -- Using PYTHON_EXECUTABLE: /usr/bin/python3
[1.533s] -- Using PYTHON_INCLUDE_DIRS: /usr/include/python3.10
[1.533s] -- Using PYTHON_LIBRARIES: /usr/lib/x86_64-linux-gnu/libpython3.10.so
[1.552s] -- Found PythonExtra: .so  
[1.611s] -- Found ament_lint_auto: 0.12.14 (/opt/ros/humble/share/ament_lint_auto/cmake)
[1.662s] -- Added test 'lint_cmake' to check CMake code style
[1.665s] -- Added test 'xmllint' to check XML markup files
[1.670s] -- Configuring done
[1.721s] -- Generating done
[1.738s] -- Build files have been written to: /home/yezi/chapt_ws/build/example_ros2_interface
[1.744s] Invoked command in '/home/yezi/chapt_ws/build/example_ros2_interface' returned '0': CMAKE_PREFIX_PATH=/opt/ros/humble /usr/bin/cmake /home/yezi/chapt_ws/src/example_ros2_interface -DCMAKE_INSTALL_PREFIX=/home/yezi/chapt_ws/install/example_ros2_interface
[1.745s] Invoking command in '/home/yezi/chapt_ws/build/example_ros2_interface': CMAKE_PREFIX_PATH=/opt/ros/humble /usr/bin/cmake --build /home/yezi/chapt_ws/build/example_ros2_interface -- -j8 -l8
[1.794s] [  2%] [34m[1mGenerating C code for ROS interfaces[0m
[1.812s] [  4%] [34m[1mGenerating C++ code for ROS interfaces[0m
[1.831s] [  4%] Built target ament_cmake_python_copy_example_ros2_interface
[2.090s] running egg_info
[2.090s] creating example_ros2_interface.egg-info
[2.091s] writing example_ros2_interface.egg-info/PKG-INFO
[2.091s] writing dependency_links to example_ros2_interface.egg-info/dependency_links.txt
[2.091s] writing top-level names to example_ros2_interface.egg-info/top_level.txt
[2.092s] writing manifest file 'example_ros2_interface.egg-info/SOURCES.txt'
[2.095s] reading manifest file 'example_ros2_interface.egg-info/SOURCES.txt'
[2.095s] writing manifest file 'example_ros2_interface.egg-info/SOURCES.txt'
[2.119s] [  4%] Built target ament_cmake_python_build_example_ros2_interface_egg
[2.217s] [  4%] Built target example_ros2_interface__cpp
[2.224s] [  6%] [32mBuilding C object CMakeFiles/example_ros2_interface__rosidl_generator_c.dir/rosidl_generator_c/example_ros2_interface/msg/detail/robot_pose__functions.c.o[0m
[2.225s] [ 10%] [32mBuilding C object CMakeFiles/example_ros2_interface__rosidl_generator_c.dir/rosidl_generator_c/example_ros2_interface/msg/detail/robot_status__functions.c.o[0m
[2.225s] [ 10%] [32mBuilding C object CMakeFiles/example_ros2_interface__rosidl_generator_c.dir/rosidl_generator_c/example_ros2_interface/srv/detail/move_robot__functions.c.o[0m
[2.230s] [ 12%] [34m[1mGenerating C++ type support dispatch for ROS interfaces[0m
[2.231s] [ 14%] [34m[1mGenerating C++ type support for eProsima Fast-RTPS[0m
[2.232s] [ 17%] [34m[1mGenerating C++ introspection for ROS interfaces[0m
[2.348s] [ 19%] [32m[1mLinking C shared library libexample_ros2_interface__rosidl_generator_c.so[0m
[2.393s] [ 19%] Built target example_ros2_interface__rosidl_generator_c
[2.405s] [ 23%] [34m[1mGenerating C introspection for ROS interfaces[0m
[2.405s] [ 23%] [34m[1mGenerating C type support for eProsima Fast-RTPS[0m
[2.405s] [ 25%] [34m[1mGenerating C type support dispatch for ROS interfaces[0m
[2.501s] [ 27%] [32mBuilding CXX object CMakeFiles/example_ros2_interface__rosidl_typesupport_cpp.dir/rosidl_typesupport_cpp/example_ros2_interface/msg/robot_pose__type_support.cpp.o[0m
[2.507s] [ 29%] [32mBuilding CXX object CMakeFiles/example_ros2_interface__rosidl_typesupport_cpp.dir/rosidl_typesupport_cpp/example_ros2_interface/srv/move_robot__type_support.cpp.o[0m
[2.507s] [ 31%] [32mBuilding CXX object CMakeFiles/example_ros2_interface__rosidl_typesupport_cpp.dir/rosidl_typesupport_cpp/example_ros2_interface/msg/robot_status__type_support.cpp.o[0m
[2.547s] [ 34%] [32mBuilding CXX object CMakeFiles/example_ros2_interface__rosidl_typesupport_introspection_cpp.dir/rosidl_typesupport_introspection_cpp/example_ros2_interface/msg/detail/robot_pose__type_support.cpp.o[0m
[2.646s] [ 36%] [32mBuilding CXX object CMakeFiles/example_ros2_interface__rosidl_typesupport_fastrtps_cpp.dir/rosidl_typesupport_fastrtps_cpp/example_ros2_interface/msg/detail/dds_fastrtps/robot_pose__type_support.cpp.o[0m
[2.776s] [ 38%] [32mBuilding CXX object CMakeFiles/example_ros2_interface__rosidl_typesupport_c.dir/rosidl_typesupport_c/example_ros2_interface/msg/robot_pose__type_support.cpp.o[0m
[2.833s] [ 40%] [32mBuilding C object CMakeFiles/example_ros2_interface__rosidl_typesupport_introspection_c.dir/rosidl_typesupport_introspection_c/example_ros2_interface/msg/detail/robot_pose__type_support.c.o[0m
[2.840s] [ 42%] [32mBuilding CXX object CMakeFiles/example_ros2_interface__rosidl_typesupport_c.dir/rosidl_typesupport_c/example_ros2_interface/msg/robot_status__type_support.cpp.o[0m
[2.860s] [ 44%] [32mBuilding CXX object CMakeFiles/example_ros2_interface__rosidl_typesupport_fastrtps_c.dir/rosidl_typesupport_fastrtps_c/example_ros2_interface/msg/detail/robot_pose__type_support_c.cpp.o[0m
[2.885s] [ 46%] [32mBuilding CXX object CMakeFiles/example_ros2_interface__rosidl_typesupport_c.dir/rosidl_typesupport_c/example_ros2_interface/srv/move_robot__type_support.cpp.o[0m
[2.893s] [ 48%] [32mBuilding C object CMakeFiles/example_ros2_interface__rosidl_typesupport_introspection_c.dir/rosidl_typesupport_introspection_c/example_ros2_interface/msg/detail/robot_status__type_support.c.o[0m
[2.938s] [ 51%] [32m[1mLinking CXX shared library libexample_ros2_interface__rosidl_typesupport_c.so[0m
[2.943s] [ 53%] [32mBuilding C object CMakeFiles/example_ros2_interface__rosidl_typesupport_introspection_c.dir/rosidl_typesupport_introspection_c/example_ros2_interface/srv/detail/move_robot__type_support.c.o[0m
[2.976s] [ 55%] [32mBuilding CXX object CMakeFiles/example_ros2_interface__rosidl_typesupport_fastrtps_c.dir/rosidl_typesupport_fastrtps_c/example_ros2_interface/msg/detail/robot_status__type_support_c.cpp.o[0m
[2.985s] [ 57%] [32mBuilding CXX object CMakeFiles/example_ros2_interface__rosidl_typesupport_fastrtps_cpp.dir/rosidl_typesupport_fastrtps_cpp/example_ros2_interface/msg/detail/dds_fastrtps/robot_status__type_support.cpp.o[0m
[2.995s] [ 59%] [32m[1mLinking C shared library libexample_ros2_interface__rosidl_typesupport_introspection_c.so[0m
[3.019s] [ 59%] Built target example_ros2_interface__rosidl_typesupport_c
[3.030s] [ 61%] [32m[1mLinking CXX shared library libexample_ros2_interface__rosidl_typesupport_cpp.so[0m
[3.033s] [ 63%] [32mBuilding CXX object CMakeFiles/example_ros2_interface__rosidl_typesupport_introspection_cpp.dir/rosidl_typesupport_introspection_cpp/example_ros2_interface/msg/detail/robot_status__type_support.cpp.o[0m
[3.064s] [ 63%] Built target example_ros2_interface__rosidl_typesupport_introspection_c
[3.076s] [ 65%] [32mBuilding CXX object CMakeFiles/example_ros2_interface__rosidl_typesupport_introspection_cpp.dir/rosidl_typesupport_introspection_cpp/example_ros2_interface/srv/detail/move_robot__type_support.cpp.o[0m
[3.098s] [ 65%] Built target example_ros2_interface__rosidl_typesupport_cpp
[3.114s] [ 68%] [32mBuilding CXX object CMakeFiles/example_ros2_interface__rosidl_typesupport_fastrtps_c.dir/rosidl_typesupport_fastrtps_c/example_ros2_interface/srv/detail/move_robot__type_support_c.cpp.o[0m
[3.141s] [ 70%] [32mBuilding CXX object CMakeFiles/example_ros2_interface__rosidl_typesupport_fastrtps_cpp.dir/rosidl_typesupport_fastrtps_cpp/example_ros2_interface/srv/detail/dds_fastrtps/move_robot__type_support.cpp.o[0m
[3.462s] [ 72%] [32m[1mLinking CXX shared library libexample_ros2_interface__rosidl_typesupport_fastrtps_c.so[0m
[3.484s] [ 74%] [32m[1mLinking CXX shared library libexample_ros2_interface__rosidl_typesupport_introspection_cpp.so[0m
[3.493s] [ 76%] [32m[1mLinking CXX shared library libexample_ros2_interface__rosidl_typesupport_fastrtps_cpp.so[0m
[3.542s] [ 76%] Built target example_ros2_interface__rosidl_typesupport_fastrtps_c
[3.553s] [ 76%] Built target example_ros2_interface__rosidl_typesupport_introspection_cpp
[3.573s] [ 76%] Built target example_ros2_interface__rosidl_typesupport_fastrtps_cpp
[3.593s] [ 76%] Built target example_ros2_interface
[3.612s] [ 78%] [34m[1mGenerating Python code for ROS interfaces[0m
[4.027s] [ 78%] Built target example_ros2_interface__py
[4.048s] [ 80%] [32mBuilding C object CMakeFiles/example_ros2_interface__rosidl_generator_py.dir/rosidl_generator_py/example_ros2_interface/msg/_robot_status_s.c.o[0m
[4.048s] [ 82%] [32mBuilding C object CMakeFiles/example_ros2_interface__rosidl_generator_py.dir/rosidl_generator_py/example_ros2_interface/msg/_robot_pose_s.c.o[0m
[4.048s] [ 85%] [32mBuilding C object CMakeFiles/example_ros2_interface__rosidl_generator_py.dir/rosidl_generator_py/example_ros2_interface/srv/_move_robot_s.c.o[0m
[4.329s] [ 87%] [32m[1mLinking C shared library rosidl_generator_py/example_ros2_interface/libexample_ros2_interface__rosidl_generator_py.so[0m
[4.374s] [ 87%] Built target example_ros2_interface__rosidl_generator_py
[4.395s] [ 89%] [32mBuilding C object CMakeFiles/example_ros2_interface__rosidl_typesupport_introspection_c__pyext.dir/rosidl_generator_py/example_ros2_interface/_example_ros2_interface_s.ep.rosidl_typesupport_introspection_c.c.o[0m
[4.395s] [ 93%] [32mBuilding C object CMakeFiles/example_ros2_interface__rosidl_typesupport_c__pyext.dir/rosidl_generator_py/example_ros2_interface/_example_ros2_interface_s.ep.rosidl_typesupport_c.c.o[0m
[4.395s] [ 93%] [32mBuilding C object CMakeFiles/example_ros2_interface__rosidl_typesupport_fastrtps_c__pyext.dir/rosidl_generator_py/example_ros2_interface/_example_ros2_interface_s.ep.rosidl_typesupport_fastrtps_c.c.o[0m
[4.491s] [ 95%] [32m[1mLinking C shared library rosidl_generator_py/example_ros2_interface/example_ros2_interface_s__rosidl_typesupport_c.cpython-310-x86_64-linux-gnu.so[0m
[4.494s] [ 97%] [32m[1mLinking C shared library rosidl_generator_py/example_ros2_interface/example_ros2_interface_s__rosidl_typesupport_introspection_c.cpython-310-x86_64-linux-gnu.so[0m
[4.498s] [100%] [32m[1mLinking C shared library rosidl_generator_py/example_ros2_interface/example_ros2_interface_s__rosidl_typesupport_fastrtps_c.cpython-310-x86_64-linux-gnu.so[0m
[4.534s] [100%] Built target example_ros2_interface__rosidl_typesupport_c__pyext
[4.535s] [100%] Built target example_ros2_interface__rosidl_typesupport_introspection_c__pyext
[4.537s] [100%] Built target example_ros2_interface__rosidl_typesupport_fastrtps_c__pyext
[4.548s] Invoked command in '/home/yezi/chapt_ws/build/example_ros2_interface' returned '0': CMAKE_PREFIX_PATH=/opt/ros/humble /usr/bin/cmake --build /home/yezi/chapt_ws/build/example_ros2_interface -- -j8 -l8
[4.557s] Invoking command in '/home/yezi/chapt_ws/build/example_ros2_interface': CMAKE_PREFIX_PATH=/opt/ros/humble /usr/bin/cmake --install /home/yezi/chapt_ws/build/example_ros2_interface
[4.565s] -- Install configuration: ""
[4.565s] -- Installing: /home/yezi/chapt_ws/install/example_ros2_interface/share/ament_index/resource_index/rosidl_interfaces/example_ros2_interface
[4.565s] -- Installing: /home/yezi/chapt_ws/install/example_ros2_interface/include/example_ros2_interface/example_ros2_interface
[4.565s] -- Installing: /home/yezi/chapt_ws/install/example_ros2_interface/include/example_ros2_interface/example_ros2_interface/srv
[4.565s] -- Installing: /home/yezi/chapt_ws/install/example_ros2_interface/include/example_ros2_interface/example_ros2_interface/srv/move_robot.h
[4.565s] -- Installing: /home/yezi/chapt_ws/install/example_ros2_interface/include/example_ros2_interface/example_ros2_interface/srv/detail
[4.565s] -- Installing: /home/yezi/chapt_ws/install/example_ros2_interface/include/example_ros2_interface/example_ros2_interface/srv/detail/move_robot__struct.h
[4.565s] -- Installing: /home/yezi/chapt_ws/install/example_ros2_interface/include/example_ros2_interface/example_ros2_interface/srv/detail/move_robot__functions.c
[4.566s] -- Installing: /home/yezi/chapt_ws/install/example_ros2_interface/include/example_ros2_interface/example_ros2_interface/srv/detail/move_robot__type_support.h
[4.566s] -- Installing: /home/yezi/chapt_ws/install/example_ros2_interface/include/example_ros2_interface/example_ros2_interface/srv/detail/move_robot__functions.h
[4.566s] -- Installing: /home/yezi/chapt_ws/install/example_ros2_interface/include/example_ros2_interface/example_ros2_interface/msg
[4.566s] -- Installing: /home/yezi/chapt_ws/install/example_ros2_interface/include/example_ros2_interface/example_ros2_interface/msg/rosidl_generator_c__visibility_control.h
[4.566s] -- Installing: /home/yezi/chapt_ws/install/example_ros2_interface/include/example_ros2_interface/example_ros2_interface/msg/robot_status.h
[4.566s] -- Installing: /home/yezi/chapt_ws/install/example_ros2_interface/include/example_ros2_interface/example_ros2_interface/msg/robot_pose.h
[4.566s] -- Installing: /home/yezi/chapt_ws/install/example_ros2_interface/include/example_ros2_interface/example_ros2_interface/msg/detail
[4.566s] -- Installing: /home/yezi/chapt_ws/install/example_ros2_interface/include/example_ros2_interface/example_ros2_interface/msg/detail/robot_status__struct.h
[4.566s] -- Installing: /home/yezi/chapt_ws/install/example_ros2_interface/include/example_ros2_interface/example_ros2_interface/msg/detail/robot_status__functions.c
[4.566s] -- Installing: /home/yezi/chapt_ws/install/example_ros2_interface/include/example_ros2_interface/example_ros2_interface/msg/detail/robot_pose__type_support.h
[4.566s] -- Installing: /home/yezi/chapt_ws/install/example_ros2_interface/include/example_ros2_interface/example_ros2_interface/msg/detail/robot_pose__functions.c
[4.567s] -- Installing: /home/yezi/chapt_ws/install/example_ros2_interface/include/example_ros2_interface/example_ros2_interface/msg/detail/robot_pose__functions.h
[4.567s] -- Installing: /home/yezi/chapt_ws/install/example_ros2_interface/include/example_ros2_interface/example_ros2_interface/msg/detail/robot_status__type_support.h
[4.567s] -- Installing: /home/yezi/chapt_ws/install/example_ros2_interface/include/example_ros2_interface/example_ros2_interface/msg/detail/robot_status__functions.h
[4.567s] -- Installing: /home/yezi/chapt_ws/install/example_ros2_interface/include/example_ros2_interface/example_ros2_interface/msg/detail/robot_pose__struct.h
[4.567s] -- Installing: /home/yezi/chapt_ws/install/example_ros2_interface/share/example_ros2_interface/environment/library_path.sh
[4.567s] -- Installing: /home/yezi/chapt_ws/install/example_ros2_interface/share/example_ros2_interface/environment/library_path.dsv
[4.567s] -- Installing: /home/yezi/chapt_ws/install/example_ros2_interface/lib/libexample_ros2_interface__rosidl_generator_c.so
[4.568s] -- Set runtime path of "/home/yezi/chapt_ws/install/example_ros2_interface/lib/libexample_ros2_interface__rosidl_generator_c.so" to ""
[4.568s] -- Up-to-date: /home/yezi/chapt_ws/install/example_ros2_interface/include/example_ros2_interface/example_ros2_interface
[4.568s] -- Up-to-date: /home/yezi/chapt_ws/install/example_ros2_interface/include/example_ros2_interface/example_ros2_interface/srv
[4.568s] -- Up-to-date: /home/yezi/chapt_ws/install/example_ros2_interface/include/example_ros2_interface/example_ros2_interface/srv/detail
[4.568s] -- Installing: /home/yezi/chapt_ws/install/example_ros2_interface/include/example_ros2_interface/example_ros2_interface/srv/detail/move_robot__rosidl_typesupport_fastrtps_c.h
[4.568s] -- Up-to-date: /home/yezi/chapt_ws/install/example_ros2_interface/include/example_ros2_interface/example_ros2_interface/msg
[4.568s] -- Installing: /home/yezi/chapt_ws/install/example_ros2_interface/include/example_ros2_interface/example_ros2_interface/msg/rosidl_typesupport_fastrtps_c__visibility_control.h
[4.568s] -- Up-to-date: /home/yezi/chapt_ws/install/example_ros2_interface/include/example_ros2_interface/example_ros2_interface/msg/detail
[4.569s] -- Installing: /home/yezi/chapt_ws/install/example_ros2_interface/include/example_ros2_interface/example_ros2_interface/msg/detail/robot_pose__rosidl_typesupport_fastrtps_c.h
[4.569s] -- Installing: /home/yezi/chapt_ws/install/example_ros2_interface/include/example_ros2_interface/example_ros2_interface/msg/detail/robot_status__rosidl_typesupport_fastrtps_c.h
[4.569s] -- Installing: /home/yezi/chapt_ws/install/example_ros2_interface/lib/libexample_ros2_interface__rosidl_typesupport_fastrtps_c.so
[4.569s] -- Set runtime path of "/home/yezi/chapt_ws/install/example_ros2_interface/lib/libexample_ros2_interface__rosidl_typesupport_fastrtps_c.so" to ""
[4.569s] -- Up-to-date: /home/yezi/chapt_ws/install/example_ros2_interface/include/example_ros2_interface/example_ros2_interface
[4.569s] -- Up-to-date: /home/yezi/chapt_ws/install/example_ros2_interface/include/example_ros2_interface/example_ros2_interface/srv
[4.569s] -- Up-to-date: /home/yezi/chapt_ws/install/example_ros2_interface/include/example_ros2_interface/example_ros2_interface/srv/detail
[4.569s] -- Installing: /home/yezi/chapt_ws/install/example_ros2_interface/include/example_ros2_interface/example_ros2_interface/srv/detail/move_robot__rosidl_typesupport_introspection_c.h
[4.570s] -- Installing: /home/yezi/chapt_ws/install/example_ros2_interface/include/example_ros2_interface/example_ros2_interface/srv/detail/move_robot__type_support.c
[4.570s] -- Up-to-date: /home/yezi/chapt_ws/install/example_ros2_interface/include/example_ros2_interface/example_ros2_interface/msg
[4.570s] -- Up-to-date: /home/yezi/chapt_ws/install/example_ros2_interface/include/example_ros2_interface/example_ros2_interface/msg/detail
[4.570s] -- Installing: /home/yezi/chapt_ws/install/example_ros2_interface/include/example_ros2_interface/example_ros2_interface/msg/detail/robot_status__type_support.c
[4.570s] -- Installing: /home/yezi/chapt_ws/install/example_ros2_interface/include/example_ros2_interface/example_ros2_interface/msg/detail/robot_status__rosidl_typesupport_introspection_c.h
[4.570s] -- Installing: /home/yezi/chapt_ws/install/example_ros2_interface/include/example_ros2_interface/example_ros2_interface/msg/detail/robot_pose__rosidl_typesupport_introspection_c.h
[4.570s] -- Installing: /home/yezi/chapt_ws/install/example_ros2_interface/include/example_ros2_interface/example_ros2_interface/msg/detail/robot_pose__type_support.c
[4.570s] -- Installing: /home/yezi/chapt_ws/install/example_ros2_interface/include/example_ros2_interface/example_ros2_interface/msg/rosidl_typesupport_introspection_c__visibility_control.h
[4.570s] -- Installing: /home/yezi/chapt_ws/install/example_ros2_interface/lib/libexample_ros2_interface__rosidl_typesupport_introspection_c.so
[4.571s] -- Set runtime path of "/home/yezi/chapt_ws/install/example_ros2_interface/lib/libexample_ros2_interface__rosidl_typesupport_introspection_c.so" to ""
[4.571s] -- Installing: /home/yezi/chapt_ws/install/example_ros2_interface/lib/libexample_ros2_interface__rosidl_typesupport_c.so
[4.571s] -- Set runtime path of "/home/yezi/chapt_ws/install/example_ros2_interface/lib/libexample_ros2_interface__rosidl_typesupport_c.so" to ""
[4.572s] -- Up-to-date: /home/yezi/chapt_ws/install/example_ros2_interface/include/example_ros2_interface/example_ros2_interface
[4.572s] -- Up-to-date: /home/yezi/chapt_ws/install/example_ros2_interface/include/example_ros2_interface/example_ros2_interface/srv
[4.572s] -- Installing: /home/yezi/chapt_ws/install/example_ros2_interface/include/example_ros2_interface/example_ros2_interface/srv/move_robot.hpp
[4.572s] -- Up-to-date: /home/yezi/chapt_ws/install/example_ros2_interface/include/example_ros2_interface/example_ros2_interface/srv/detail
[4.572s] -- Installing: /home/yezi/chapt_ws/install/example_ros2_interface/include/example_ros2_interface/example_ros2_interface/srv/detail/move_robot__type_support.hpp
[4.572s] -- Installing: /home/yezi/chapt_ws/install/example_ros2_interface/include/example_ros2_interface/example_ros2_interface/srv/detail/move_robot__struct.hpp
[4.572s] -- Installing: /home/yezi/chapt_ws/install/example_ros2_interface/include/example_ros2_interface/example_ros2_interface/srv/detail/move_robot__builder.hpp
[4.572s] -- Installing: /home/yezi/chapt_ws/install/example_ros2_interface/include/example_ros2_interface/example_ros2_interface/srv/detail/move_robot__traits.hpp
[4.572s] -- Up-to-date: /home/yezi/chapt_ws/install/example_ros2_interface/include/example_ros2_interface/example_ros2_interface/msg
[4.572s] -- Installing: /home/yezi/chapt_ws/install/example_ros2_interface/include/example_ros2_interface/example_ros2_interface/msg/robot_pose.hpp
[4.572s] -- Installing: /home/yezi/chapt_ws/install/example_ros2_interface/include/example_ros2_interface/example_ros2_interface/msg/robot_status.hpp
[4.572s] -- Installing: /home/yezi/chapt_ws/install/example_ros2_interface/include/example_ros2_interface/example_ros2_interface/msg/rosidl_generator_cpp__visibility_control.hpp
[4.573s] -- Up-to-date: /home/yezi/chapt_ws/install/example_ros2_interface/include/example_ros2_interface/example_ros2_interface/msg/detail
[4.573s] -- Installing: /home/yezi/chapt_ws/install/example_ros2_interface/include/example_ros2_interface/example_ros2_interface/msg/detail/robot_pose__struct.hpp
[4.573s] -- Installing: /home/yezi/chapt_ws/install/example_ros2_interface/include/example_ros2_interface/example_ros2_interface/msg/detail/robot_pose__type_support.hpp
[4.573s] -- Installing: /home/yezi/chapt_ws/install/example_ros2_interface/include/example_ros2_interface/example_ros2_interface/msg/detail/robot_pose__builder.hpp
[4.573s] -- Installing: /home/yezi/chapt_ws/install/example_ros2_interface/include/example_ros2_interface/example_ros2_interface/msg/detail/robot_status__traits.hpp
[4.573s] -- Installing: /home/yezi/chapt_ws/install/example_ros2_interface/include/example_ros2_interface/example_ros2_interface/msg/detail/robot_pose__traits.hpp
[4.573s] -- Installing: /home/yezi/chapt_ws/install/example_ros2_interface/include/example_ros2_interface/example_ros2_interface/msg/detail/robot_status__builder.hpp
[4.574s] -- Installing: /home/yezi/chapt_ws/install/example_ros2_interface/include/example_ros2_interface/example_ros2_interface/msg/detail/robot_status__type_support.hpp
[4.574s] -- Installing: /home/yezi/chapt_ws/install/example_ros2_interface/include/example_ros2_interface/example_ros2_interface/msg/detail/robot_status__struct.hpp
[4.574s] -- Up-to-date: /home/yezi/chapt_ws/install/example_ros2_interface/include/example_ros2_interface/example_ros2_interface
[4.574s] -- Up-to-date: /home/yezi/chapt_ws/install/example_ros2_interface/include/example_ros2_interface/example_ros2_interface/srv
[4.574s] -- Up-to-date: /home/yezi/chapt_ws/install/example_ros2_interface/include/example_ros2_interface/example_ros2_interface/srv/detail
[4.574s] -- Installing: /home/yezi/chapt_ws/install/example_ros2_interface/include/example_ros2_interface/example_ros2_interface/srv/detail/move_robot__rosidl_typesupport_fastrtps_cpp.hpp
[4.574s] -- Installing: /home/yezi/chapt_ws/install/example_ros2_interface/include/example_ros2_interface/example_ros2_interface/srv/detail/dds_fastrtps
[4.574s] -- Up-to-date: /home/yezi/chapt_ws/install/example_ros2_interface/include/example_ros2_interface/example_ros2_interface/msg
[4.574s] -- Installing: /home/yezi/chapt_ws/install/example_ros2_interface/include/example_ros2_interface/example_ros2_interface/msg/rosidl_typesupport_fastrtps_cpp__visibility_control.h
[4.574s] -- Up-to-date: /home/yezi/chapt_ws/install/example_ros2_interface/include/example_ros2_interface/example_ros2_interface/msg/detail
[4.574s] -- Installing: /home/yezi/chapt_ws/install/example_ros2_interface/include/example_ros2_interface/example_ros2_interface/msg/detail/robot_status__rosidl_typesupport_fastrtps_cpp.hpp
[4.575s] -- Installing: /home/yezi/chapt_ws/install/example_ros2_interface/include/example_ros2_interface/example_ros2_interface/msg/detail/dds_fastrtps
[4.575s] -- Installing: /home/yezi/chapt_ws/install/example_ros2_interface/include/example_ros2_interface/example_ros2_interface/msg/detail/robot_pose__rosidl_typesupport_fastrtps_cpp.hpp
[4.575s] -- Installing: /home/yezi/chapt_ws/install/example_ros2_interface/lib/libexample_ros2_interface__rosidl_typesupport_fastrtps_cpp.so
[4.575s] -- Set runtime path of "/home/yezi/chapt_ws/install/example_ros2_interface/lib/libexample_ros2_interface__rosidl_typesupport_fastrtps_cpp.so" to ""
[4.575s] -- Up-to-date: /home/yezi/chapt_ws/install/example_ros2_interface/include/example_ros2_interface/example_ros2_interface
[4.575s] -- Up-to-date: /home/yezi/chapt_ws/install/example_ros2_interface/include/example_ros2_interface/example_ros2_interface/srv
[4.576s] -- Up-to-date: /home/yezi/chapt_ws/install/example_ros2_interface/include/example_ros2_interface/example_ros2_interface/srv/detail
[4.576s] -- Installing: /home/yezi/chapt_ws/install/example_ros2_interface/include/example_ros2_interface/example_ros2_interface/srv/detail/move_robot__type_support.cpp
[4.576s] -- Installing: /home/yezi/chapt_ws/install/example_ros2_interface/include/example_ros2_interface/example_ros2_interface/srv/detail/move_robot__rosidl_typesupport_introspection_cpp.hpp
[4.576s] -- Up-to-date: /home/yezi/chapt_ws/install/example_ros2_interface/include/example_ros2_interface/example_ros2_interface/msg
[4.576s] -- Up-to-date: /home/yezi/chapt_ws/install/example_ros2_interface/include/example_ros2_interface/example_ros2_interface/msg/detail
[4.576s] -- Installing: /home/yezi/chapt_ws/install/example_ros2_interface/include/example_ros2_interface/example_ros2_interface/msg/detail/robot_pose__type_support.cpp
[4.576s] -- Installing: /home/yezi/chapt_ws/install/example_ros2_interface/include/example_ros2_interface/example_ros2_interface/msg/detail/robot_status__type_support.cpp
[4.576s] -- Installing: /home/yezi/chapt_ws/install/example_ros2_interface/include/example_ros2_interface/example_ros2_interface/msg/detail/robot_status__rosidl_typesupport_introspection_cpp.hpp
[4.576s] -- Installing: /home/yezi/chapt_ws/install/example_ros2_interface/include/example_ros2_interface/example_ros2_interface/msg/detail/robot_pose__rosidl_typesupport_introspection_cpp.hpp
[4.577s] -- Installing: /home/yezi/chapt_ws/install/example_ros2_interface/lib/libexample_ros2_interface__rosidl_typesupport_introspection_cpp.so
[4.577s] -- Set runtime path of "/home/yezi/chapt_ws/install/example_ros2_interface/lib/libexample_ros2_interface__rosidl_typesupport_introspection_cpp.so" to ""
[4.577s] -- Installing: /home/yezi/chapt_ws/install/example_ros2_interface/lib/libexample_ros2_interface__rosidl_typesupport_cpp.so
[4.577s] -- Set runtime path of "/home/yezi/chapt_ws/install/example_ros2_interface/lib/libexample_ros2_interface__rosidl_typesupport_cpp.so" to ""
[4.577s] -- Installing: /home/yezi/chapt_ws/install/example_ros2_interface/share/example_ros2_interface/environment/pythonpath.sh
[4.578s] -- Installing: /home/yezi/chapt_ws/install/example_ros2_interface/share/example_ros2_interface/environment/pythonpath.dsv
[4.578s] -- Installing: /home/yezi/chapt_ws/install/example_ros2_interface/local/lib/python3.10/dist-packages/example_ros2_interface-0.0.0-py3.10.egg-info
[4.578s] -- Installing: /home/yezi/chapt_ws/install/example_ros2_interface/local/lib/python3.10/dist-packages/example_ros2_interface-0.0.0-py3.10.egg-info/PKG-INFO
[4.578s] -- Installing: /home/yezi/chapt_ws/install/example_ros2_interface/local/lib/python3.10/dist-packages/example_ros2_interface-0.0.0-py3.10.egg-info/SOURCES.txt
[4.578s] -- Installing: /home/yezi/chapt_ws/install/example_ros2_interface/local/lib/python3.10/dist-packages/example_ros2_interface-0.0.0-py3.10.egg-info/top_level.txt
[4.578s] -- Installing: /home/yezi/chapt_ws/install/example_ros2_interface/local/lib/python3.10/dist-packages/example_ros2_interface-0.0.0-py3.10.egg-info/dependency_links.txt
[4.578s] -- Installing: /home/yezi/chapt_ws/install/example_ros2_interface/local/lib/python3.10/dist-packages/example_ros2_interface
[4.578s] -- Installing: /home/yezi/chapt_ws/install/example_ros2_interface/local/lib/python3.10/dist-packages/example_ros2_interface/_example_ros2_interface_s.ep.rosidl_typesupport_c.c
[4.578s] -- Installing: /home/yezi/chapt_ws/install/example_ros2_interface/local/lib/python3.10/dist-packages/example_ros2_interface/example_ros2_interface_s__rosidl_typesupport_introspection_c.cpython-310-x86_64-linux-gnu.so
[4.579s] -- Installing: /home/yezi/chapt_ws/install/example_ros2_interface/local/lib/python3.10/dist-packages/example_ros2_interface/__init__.py
[4.579s] -- Installing: /home/yezi/chapt_ws/install/example_ros2_interface/local/lib/python3.10/dist-packages/example_ros2_interface/_example_ros2_interface_s.ep.rosidl_typesupport_introspection_c.c
[4.579s] -- Installing: /home/yezi/chapt_ws/install/example_ros2_interface/local/lib/python3.10/dist-packages/example_ros2_interface/example_ros2_interface_s__rosidl_typesupport_c.cpython-310-x86_64-linux-gnu.so
[4.579s] -- Installing: /home/yezi/chapt_ws/install/example_ros2_interface/local/lib/python3.10/dist-packages/example_ros2_interface/srv
[4.579s] -- Installing: /home/yezi/chapt_ws/install/example_ros2_interface/local/lib/python3.10/dist-packages/example_ros2_interface/srv/__init__.py
[4.579s] -- Installing: /home/yezi/chapt_ws/install/example_ros2_interface/local/lib/python3.10/dist-packages/example_ros2_interface/srv/_move_robot_s.c
[4.579s] -- Installing: /home/yezi/chapt_ws/install/example_ros2_interface/local/lib/python3.10/dist-packages/example_ros2_interface/srv/_move_robot.py
[4.579s] -- Installing: /home/yezi/chapt_ws/install/example_ros2_interface/local/lib/python3.10/dist-packages/example_ros2_interface/_example_ros2_interface_s.ep.rosidl_typesupport_fastrtps_c.c
[4.579s] -- Installing: /home/yezi/chapt_ws/install/example_ros2_interface/local/lib/python3.10/dist-packages/example_ros2_interface/libexample_ros2_interface__rosidl_generator_py.so
[4.580s] -- Installing: /home/yezi/chapt_ws/install/example_ros2_interface/local/lib/python3.10/dist-packages/example_ros2_interface/msg
[4.580s] -- Installing: /home/yezi/chapt_ws/install/example_ros2_interface/local/lib/python3.10/dist-packages/example_ros2_interface/msg/_robot_status_s.c
[4.580s] -- Installing: /home/yezi/chapt_ws/install/example_ros2_interface/local/lib/python3.10/dist-packages/example_ros2_interface/msg/__init__.py
[4.580s] -- Installing: /home/yezi/chapt_ws/install/example_ros2_interface/local/lib/python3.10/dist-packages/example_ros2_interface/msg/_robot_pose_s.c
[4.580s] -- Installing: /home/yezi/chapt_ws/install/example_ros2_interface/local/lib/python3.10/dist-packages/example_ros2_interface/msg/_robot_pose.py
[4.580s] -- Installing: /home/yezi/chapt_ws/install/example_ros2_interface/local/lib/python3.10/dist-packages/example_ros2_interface/msg/_robot_status.py
[4.580s] -- Installing: /home/yezi/chapt_ws/install/example_ros2_interface/local/lib/python3.10/dist-packages/example_ros2_interface/example_ros2_interface_s__rosidl_typesupport_fastrtps_c.cpython-310-x86_64-linux-gnu.so
[4.615s] Listing '/home/yezi/chapt_ws/install/example_ros2_interface/local/lib/python3.10/dist-packages/example_ros2_interface'...
[4.615s] Compiling '/home/yezi/chapt_ws/install/example_ros2_interface/local/lib/python3.10/dist-packages/example_ros2_interface/__init__.py'...
[4.615s] Listing '/home/yezi/chapt_ws/install/example_ros2_interface/local/lib/python3.10/dist-packages/example_ros2_interface/msg'...
[4.615s] Compiling '/home/yezi/chapt_ws/install/example_ros2_interface/local/lib/python3.10/dist-packages/example_ros2_interface/msg/__init__.py'...
[4.616s] Compiling '/home/yezi/chapt_ws/install/example_ros2_interface/local/lib/python3.10/dist-packages/example_ros2_interface/msg/_robot_pose.py'...
[4.616s] Compiling '/home/yezi/chapt_ws/install/example_ros2_interface/local/lib/python3.10/dist-packages/example_ros2_interface/msg/_robot_status.py'...
[4.616s] Listing '/home/yezi/chapt_ws/install/example_ros2_interface/local/lib/python3.10/dist-packages/example_ros2_interface/srv'...
[4.616s] Compiling '/home/yezi/chapt_ws/install/example_ros2_interface/local/lib/python3.10/dist-packages/example_ros2_interface/srv/__init__.py'...
[4.616s] Compiling '/home/yezi/chapt_ws/install/example_ros2_interface/local/lib/python3.10/dist-packages/example_ros2_interface/srv/_move_robot.py'...
[4.623s] -- Installing: /home/yezi/chapt_ws/install/example_ros2_interface/local/lib/python3.10/dist-packages/example_ros2_interface/example_ros2_interface_s__rosidl_typesupport_fastrtps_c.cpython-310-x86_64-linux-gnu.so
[4.623s] -- Set runtime path of "/home/yezi/chapt_ws/install/example_ros2_interface/local/lib/python3.10/dist-packages/example_ros2_interface/example_ros2_interface_s__rosidl_typesupport_fastrtps_c.cpython-310-x86_64-linux-gnu.so" to ""
[4.623s] -- Installing: /home/yezi/chapt_ws/install/example_ros2_interface/local/lib/python3.10/dist-packages/example_ros2_interface/example_ros2_interface_s__rosidl_typesupport_introspection_c.cpython-310-x86_64-linux-gnu.so
[4.624s] -- Set runtime path of "/home/yezi/chapt_ws/install/example_ros2_interface/local/lib/python3.10/dist-packages/example_ros2_interface/example_ros2_interface_s__rosidl_typesupport_introspection_c.cpython-310-x86_64-linux-gnu.so" to ""
[4.625s] -- Installing: /home/yezi/chapt_ws/install/example_ros2_interface/local/lib/python3.10/dist-packages/example_ros2_interface/example_ros2_interface_s__rosidl_typesupport_c.cpython-310-x86_64-linux-gnu.so
[4.626s] -- Set runtime path of "/home/yezi/chapt_ws/install/example_ros2_interface/local/lib/python3.10/dist-packages/example_ros2_interface/example_ros2_interface_s__rosidl_typesupport_c.cpython-310-x86_64-linux-gnu.so" to ""
[4.626s] -- Installing: /home/yezi/chapt_ws/install/example_ros2_interface/lib/libexample_ros2_interface__rosidl_generator_py.so
[4.627s] -- Set runtime path of "/home/yezi/chapt_ws/install/example_ros2_interface/lib/libexample_ros2_interface__rosidl_generator_py.so" to ""
[4.628s] -- Installing: /home/yezi/chapt_ws/install/example_ros2_interface/share/example_ros2_interface/msg/RobotPose.idl
[4.628s] -- Installing: /home/yezi/chapt_ws/install/example_ros2_interface/share/example_ros2_interface/msg/RobotStatus.idl
[4.628s] -- Installing: /home/yezi/chapt_ws/install/example_ros2_interface/share/example_ros2_interface/srv/MoveRobot.idl
[4.628s] -- Installing: /home/yezi/chapt_ws/install/example_ros2_interface/share/example_ros2_interface/msg/RobotPose.msg
[4.628s] -- Installing: /home/yezi/chapt_ws/install/example_ros2_interface/share/example_ros2_interface/msg/RobotStatus.msg
[4.628s] -- Installing: /home/yezi/chapt_ws/install/example_ros2_interface/share/example_ros2_interface/srv/MoveRobot.srv
[4.628s] -- Installing: /home/yezi/chapt_ws/install/example_ros2_interface/share/example_ros2_interface/srv/MoveRobot_Request.msg
[4.629s] -- Installing: /home/yezi/chapt_ws/install/example_ros2_interface/share/example_ros2_interface/srv/MoveRobot_Response.msg
[4.629s] -- Installing: /home/yezi/chapt_ws/install/example_ros2_interface/share/ament_index/resource_index/package_run_dependencies/example_ros2_interface
[4.629s] -- Installing: /home/yezi/chapt_ws/install/example_ros2_interface/share/ament_index/resource_index/parent_prefix_path/example_ros2_interface
[4.629s] -- Installing: /home/yezi/chapt_ws/install/example_ros2_interface/share/example_ros2_interface/environment/ament_prefix_path.sh
[4.629s] -- Installing: /home/yezi/chapt_ws/install/example_ros2_interface/share/example_ros2_interface/environment/ament_prefix_path.dsv
[4.631s] -- Installing: /home/yezi/chapt_ws/install/example_ros2_interface/share/example_ros2_interface/environment/path.sh
[4.631s] -- Installing: /home/yezi/chapt_ws/install/example_ros2_interface/share/example_ros2_interface/environment/path.dsv
[4.631s] -- Installing: /home/yezi/chapt_ws/install/example_ros2_interface/share/example_ros2_interface/local_setup.bash
[4.631s] -- Installing: /home/yezi/chapt_ws/install/example_ros2_interface/share/example_ros2_interface/local_setup.sh
[4.631s] -- Installing: /home/yezi/chapt_ws/install/example_ros2_interface/share/example_ros2_interface/local_setup.zsh
[4.631s] -- Installing: /home/yezi/chapt_ws/install/example_ros2_interface/share/example_ros2_interface/local_setup.dsv
[4.631s] -- Installing: /home/yezi/chapt_ws/install/example_ros2_interface/share/example_ros2_interface/package.dsv
[4.632s] -- Installing: /home/yezi/chapt_ws/install/example_ros2_interface/share/ament_index/resource_index/packages/example_ros2_interface
[4.632s] -- Installing: /home/yezi/chapt_ws/install/example_ros2_interface/share/example_ros2_interface/cmake/export_example_ros2_interface__rosidl_generator_cExport.cmake
[4.632s] -- Installing: /home/yezi/chapt_ws/install/example_ros2_interface/share/example_ros2_interface/cmake/export_example_ros2_interface__rosidl_generator_cExport-noconfig.cmake
[4.632s] -- Installing: /home/yezi/chapt_ws/install/example_ros2_interface/share/example_ros2_interface/cmake/export_example_ros2_interface__rosidl_typesupport_fastrtps_cExport.cmake
[4.632s] -- Installing: /home/yezi/chapt_ws/install/example_ros2_interface/share/example_ros2_interface/cmake/export_example_ros2_interface__rosidl_typesupport_fastrtps_cExport-noconfig.cmake
[4.632s] -- Installing: /home/yezi/chapt_ws/install/example_ros2_interface/share/example_ros2_interface/cmake/example_ros2_interface__rosidl_typesupport_introspection_cExport.cmake
[4.632s] -- Installing: /home/yezi/chapt_ws/install/example_ros2_interface/share/example_ros2_interface/cmake/example_ros2_interface__rosidl_typesupport_introspection_cExport-noconfig.cmake
[4.632s] -- Installing: /home/yezi/chapt_ws/install/example_ros2_interface/share/example_ros2_interface/cmake/example_ros2_interface__rosidl_typesupport_cExport.cmake
[4.633s] -- Installing: /home/yezi/chapt_ws/install/example_ros2_interface/share/example_ros2_interface/cmake/example_ros2_interface__rosidl_typesupport_cExport-noconfig.cmake
[4.633s] -- Installing: /home/yezi/chapt_ws/install/example_ros2_interface/share/example_ros2_interface/cmake/export_example_ros2_interface__rosidl_generator_cppExport.cmake
[4.633s] -- Installing: /home/yezi/chapt_ws/install/example_ros2_interface/share/example_ros2_interface/cmake/export_example_ros2_interface__rosidl_typesupport_fastrtps_cppExport.cmake
[4.633s] -- Installing: /home/yezi/chapt_ws/install/example_ros2_interface/share/example_ros2_interface/cmake/export_example_ros2_interface__rosidl_typesupport_fastrtps_cppExport-noconfig.cmake
[4.633s] -- Installing: /home/yezi/chapt_ws/install/example_ros2_interface/share/example_ros2_interface/cmake/example_ros2_interface__rosidl_typesupport_introspection_cppExport.cmake
[4.634s] -- Installing: /home/yezi/chapt_ws/install/example_ros2_interface/share/example_ros2_interface/cmake/example_ros2_interface__rosidl_typesupport_introspection_cppExport-noconfig.cmake
[4.634s] -- Installing: /home/yezi/chapt_ws/install/example_ros2_interface/share/example_ros2_interface/cmake/example_ros2_interface__rosidl_typesupport_cppExport.cmake
[4.634s] -- Installing: /home/yezi/chapt_ws/install/example_ros2_interface/share/example_ros2_interface/cmake/example_ros2_interface__rosidl_typesupport_cppExport-noconfig.cmake
[4.634s] -- Installing: /home/yezi/chapt_ws/install/example_ros2_interface/share/example_ros2_interface/cmake/export_example_ros2_interface__rosidl_generator_pyExport.cmake
[4.634s] -- Installing: /home/yezi/chapt_ws/install/example_ros2_interface/share/example_ros2_interface/cmake/export_example_ros2_interface__rosidl_generator_pyExport-noconfig.cmake
[4.634s] -- Installing: /home/yezi/chapt_ws/install/example_ros2_interface/share/example_ros2_interface/cmake/rosidl_cmake-extras.cmake
[4.635s] -- Installing: /home/yezi/chapt_ws/install/example_ros2_interface/share/example_ros2_interface/cmake/ament_cmake_export_dependencies-extras.cmake
[4.636s] -- Installing: /home/yezi/chapt_ws/install/example_ros2_interface/share/example_ros2_interface/cmake/ament_cmake_export_include_directories-extras.cmake
[4.636s] -- Installing: /home/yezi/chapt_ws/install/example_ros2_interface/share/example_ros2_interface/cmake/ament_cmake_export_libraries-extras.cmake
[4.637s] -- Installing: /home/yezi/chapt_ws/install/example_ros2_interface/share/example_ros2_interface/cmake/ament_cmake_export_targets-extras.cmake
[4.637s] -- Installing: /home/yezi/chapt_ws/install/example_ros2_interface/share/example_ros2_interface/cmake/rosidl_cmake_export_typesupport_targets-extras.cmake
[4.637s] -- Installing: /home/yezi/chapt_ws/install/example_ros2_interface/share/example_ros2_interface/cmake/rosidl_cmake_export_typesupport_libraries-extras.cmake
[4.637s] -- Installing: /home/yezi/chapt_ws/install/example_ros2_interface/share/example_ros2_interface/cmake/example_ros2_interfaceConfig.cmake
[4.637s] -- Installing: /home/yezi/chapt_ws/install/example_ros2_interface/share/example_ros2_interface/cmake/example_ros2_interfaceConfig-version.cmake
[4.637s] -- Installing: /home/yezi/chapt_ws/install/example_ros2_interface/share/example_ros2_interface/package.xml
[4.639s] Invoked command in '/home/yezi/chapt_ws/build/example_ros2_interface' returned '0': CMAKE_PREFIX_PATH=/opt/ros/humble /usr/bin/cmake --install /home/yezi/chapt_ws/build/example_ros2_interface
