[0.453s] Invoking command in '/home/yezi/chapt_ws/build/example_interfaces_rclpy': PYTHONPATH=/home/yezi/chapt_ws/build/example_interfaces_rclpy/prefix_override:/usr/lib/python3/dist-packages/colcon_core/task/python/colcon_distutils_commands:/home/yezi/chapt_ws/install/example_interfaces_rclpy/lib/python3.10/site-packages:${PYTHONPATH} /usr/bin/python3 -W ignore:setup.py install is deprecated -W ignore:easy_install command is deprecated setup.py develop --uninstall --editable --build-directory /home/yezi/chapt_ws/build/example_interfaces_rclpy/build
[0.682s] running develop
[0.770s] Removing /home/yezi/chapt_ws/install/example_interfaces_rclpy/lib/python3.10/site-packages/example-interfaces-rclpy.egg-link (link to .)
[0.787s] Invoked command in '/home/yezi/chapt_ws/build/example_interfaces_rclpy' returned '0': PYTHONPATH=/home/yezi/chapt_ws/build/example_interfaces_rclpy/prefix_override:/usr/lib/python3/dist-packages/colcon_core/task/python/colcon_distutils_commands:/home/yezi/chapt_ws/install/example_interfaces_rclpy/lib/python3.10/site-packages:${PYTHONPATH} /usr/bin/python3 -W ignore:setup.py install is deprecated -W ignore:easy_install command is deprecated setup.py develop --uninstall --editable --build-directory /home/yezi/chapt_ws/build/example_interfaces_rclpy/build
[0.789s] Invoking command in '/home/yezi/chapt_ws/src/example_interfaces_rclpy': PYTHONPATH=/home/yezi/chapt_ws/build/example_interfaces_rclpy/prefix_override:/usr/lib/python3/dist-packages/colcon_core/task/python/colcon_distutils_commands:/home/yezi/chapt_ws/install/example_interfaces_rclpy/lib/python3.10/site-packages:${PYTHONPATH} /usr/bin/python3 -W ignore:setup.py install is deprecated -W ignore:easy_install command is deprecated setup.py egg_info --egg-base ../../build/example_interfaces_rclpy build --build-base /home/yezi/chapt_ws/build/example_interfaces_rclpy/build install --record /home/yezi/chapt_ws/build/example_interfaces_rclpy/install.log --single-version-externally-managed install_data --force
[0.953s] running egg_info
[0.953s] writing ../../build/example_interfaces_rclpy/example_interfaces_rclpy.egg-info/PKG-INFO
[0.954s] writing dependency_links to ../../build/example_interfaces_rclpy/example_interfaces_rclpy.egg-info/dependency_links.txt
[0.954s] writing entry points to ../../build/example_interfaces_rclpy/example_interfaces_rclpy.egg-info/entry_points.txt
[0.954s] writing requirements to ../../build/example_interfaces_rclpy/example_interfaces_rclpy.egg-info/requires.txt
[0.955s] writing top-level names to ../../build/example_interfaces_rclpy/example_interfaces_rclpy.egg-info/top_level.txt
[0.956s] reading manifest file '../../build/example_interfaces_rclpy/example_interfaces_rclpy.egg-info/SOURCES.txt'
[0.957s] writing manifest file '../../build/example_interfaces_rclpy/example_interfaces_rclpy.egg-info/SOURCES.txt'
[0.957s] running build
[0.957s] running build_py
[0.957s] copying example_interfaces_rclpy/example_interfaces_robot_02.py -> /home/yezi/chapt_ws/build/example_interfaces_rclpy/build/lib/example_interfaces_rclpy
[0.958s] running install
[0.958s] running install_lib
[0.958s] creating /home/yezi/chapt_ws/install/example_interfaces_rclpy/lib/python3.10/site-packages/example_interfaces_rclpy
[0.958s] copying /home/yezi/chapt_ws/build/example_interfaces_rclpy/build/lib/example_interfaces_rclpy/example_interfaces_control_02.py -> /home/yezi/chapt_ws/install/example_interfaces_rclpy/lib/python3.10/site-packages/example_interfaces_rclpy
[0.959s] copying /home/yezi/chapt_ws/build/example_interfaces_rclpy/build/lib/example_interfaces_rclpy/__init__.py -> /home/yezi/chapt_ws/install/example_interfaces_rclpy/lib/python3.10/site-packages/example_interfaces_rclpy
[0.959s] copying /home/yezi/chapt_ws/build/example_interfaces_rclpy/build/lib/example_interfaces_rclpy/example_interfaces_robot_02.py -> /home/yezi/chapt_ws/install/example_interfaces_rclpy/lib/python3.10/site-packages/example_interfaces_rclpy
[0.959s] byte-compiling /home/yezi/chapt_ws/install/example_interfaces_rclpy/lib/python3.10/site-packages/example_interfaces_rclpy/example_interfaces_control_02.py to example_interfaces_control_02.cpython-310.pyc
[0.959s] byte-compiling /home/yezi/chapt_ws/install/example_interfaces_rclpy/lib/python3.10/site-packages/example_interfaces_rclpy/__init__.py to __init__.cpython-310.pyc
[0.960s] byte-compiling /home/yezi/chapt_ws/install/example_interfaces_rclpy/lib/python3.10/site-packages/example_interfaces_rclpy/example_interfaces_robot_02.py to example_interfaces_robot_02.cpython-310.pyc
[0.960s] running install_data
[0.960s] copying resource/example_interfaces_rclpy -> /home/yezi/chapt_ws/install/example_interfaces_rclpy/share/ament_index/resource_index/packages
[0.960s] copying package.xml -> /home/yezi/chapt_ws/install/example_interfaces_rclpy/share/example_interfaces_rclpy
[0.961s] running install_egg_info
[0.962s] Copying ../../build/example_interfaces_rclpy/example_interfaces_rclpy.egg-info to /home/yezi/chapt_ws/install/example_interfaces_rclpy/lib/python3.10/site-packages/example_interfaces_rclpy-0.0.0-py3.10.egg-info
[0.964s] running install_scripts
[0.980s] Installing example_interface_control_02 script to /home/yezi/chapt_ws/install/example_interfaces_rclpy/lib/example_interfaces_rclpy
[0.980s] Installing example_interfaces_robot_02 script to /home/yezi/chapt_ws/install/example_interfaces_rclpy/lib/example_interfaces_rclpy
[0.980s] writing list of installed files to '/home/yezi/chapt_ws/build/example_interfaces_rclpy/install.log'
[0.997s] Invoked command in '/home/yezi/chapt_ws/src/example_interfaces_rclpy' returned '0': PYTHONPATH=/home/yezi/chapt_ws/build/example_interfaces_rclpy/prefix_override:/usr/lib/python3/dist-packages/colcon_core/task/python/colcon_distutils_commands:/home/yezi/chapt_ws/install/example_interfaces_rclpy/lib/python3.10/site-packages:${PYTHONPATH} /usr/bin/python3 -W ignore:setup.py install is deprecated -W ignore:easy_install command is deprecated setup.py egg_info --egg-base ../../build/example_interfaces_rclpy build --build-base /home/yezi/chapt_ws/build/example_interfaces_rclpy/build install --record /home/yezi/chapt_ws/build/example_interfaces_rclpy/install.log --single-version-externally-managed install_data --force
