[0.107s] DEBUG:colcon:Command line arguments: ['/usr/bin/colcon', 'build', '--packages-up-to', 'example_interfaces_rclpy']
[0.107s] DEBUG:colcon:Parsed command line arguments: Namespace(log_base=None, log_level=None, verb_name='build', build_base='build', install_base='install', merge_install=False, symlink_install=False, test_result_base=None, continue_on_error=False, executor='parallel', parallel_workers=8, event_handlers=None, ignore_user_meta=False, metas=['./colcon.meta'], base_paths=['.'], packages_ignore=None, packages_ignore_regex=None, paths=None, packages_up_to=['example_interfaces_rclpy'], packages_up_to_regex=None, packages_above=None, packages_above_and_dependencies=None, packages_above_depth=None, packages_select_by_dep=None, packages_skip_by_dep=None, packages_skip_up_to=None, packages_select_build_failed=False, packages_skip_build_finished=False, packages_select_test_failures=False, packages_skip_test_passed=False, packages_select=None, packages_skip=None, packages_select_regex=None, packages_skip_regex=None, packages_start=None, packages_end=None, cmake_args=None, cmake_target=None, cmake_target_skip_unavailable=False, cmake_clean_cache=False, cmake_clean_first=False, cmake_force_configure=False, ament_cmake_args=None, catkin_cmake_args=None, catkin_skip_building_tests=False, mixin_files=None, mixin=None, verb_parser=<colcon_mixin.mixin.mixin_argument.MixinArgumentDecorator object at 0x7e2754364070>, verb_extension=<colcon_core.verb.build.BuildVerb object at 0x7e275432ba90>, main=<bound method BuildVerb.main of <colcon_core.verb.build.BuildVerb object at 0x7e275432ba90>>, mixin_verb=('build',))
[0.223s] Level 1:colcon.colcon_core.package_discovery:discover_packages(colcon_meta) check parameters
[0.224s] INFO:colcon.colcon_metadata.package_discovery.colcon_meta:Using configuration from '/root/.colcon/metadata/default/Gazebo.meta'
[0.224s] INFO:colcon.colcon_metadata.package_discovery.colcon_meta:Using configuration from '/root/.colcon/metadata/default/fastdds.meta'
[0.225s] INFO:colcon.colcon_metadata.package_discovery.colcon_meta:Using configuration from '/root/.colcon/metadata/default/fastrtps.meta'
[0.225s] Level 1:colcon.colcon_core.package_discovery:discover_packages(recursive) check parameters
[0.225s] Level 1:colcon.colcon_core.package_discovery:discover_packages(ignore) check parameters
[0.225s] Level 1:colcon.colcon_core.package_discovery:discover_packages(path) check parameters
[0.225s] Level 1:colcon.colcon_core.package_discovery:discover_packages(colcon_meta) discover
[0.225s] Level 1:colcon.colcon_core.package_discovery:discover_packages(recursive) discover
[0.225s] INFO:colcon.colcon_core.package_discovery:Crawling recursively for packages in '/home/yezi/chapt_ws'
[0.225s] Level 1:colcon.colcon_core.package_identification:_identify(.) by extensions ['ignore', 'ignore_ament_install']
[0.225s] Level 1:colcon.colcon_core.package_identification:_identify(.) by extension 'ignore'
[0.225s] Level 1:colcon.colcon_core.package_identification:_identify(.) by extension 'ignore_ament_install'
[0.225s] Level 1:colcon.colcon_core.package_identification:_identify(.) by extensions ['colcon_pkg']
[0.225s] Level 1:colcon.colcon_core.package_identification:_identify(.) by extension 'colcon_pkg'
[0.225s] Level 1:colcon.colcon_core.package_identification:_identify(.) by extensions ['colcon_meta']
[0.225s] Level 1:colcon.colcon_core.package_identification:_identify(.) by extension 'colcon_meta'
[0.225s] Level 1:colcon.colcon_core.package_identification:_identify(.) by extensions ['ros']
[0.225s] Level 1:colcon.colcon_core.package_identification:_identify(.) by extension 'ros'
[0.235s] Level 1:colcon.colcon_core.package_identification:_identify(.) by extensions ['cmake', 'python']
[0.235s] Level 1:colcon.colcon_core.package_identification:_identify(.) by extension 'cmake'
[0.235s] Level 1:colcon.colcon_core.package_identification:_identify(.) by extension 'python'
[0.235s] Level 1:colcon.colcon_core.package_identification:_identify(.) by extensions ['python_setup_py']
[0.235s] Level 1:colcon.colcon_core.package_identification:_identify(.) by extension 'python_setup_py'
[0.235s] Level 1:colcon.colcon_core.package_identification:_identify(build) by extensions ['ignore', 'ignore_ament_install']
[0.235s] Level 1:colcon.colcon_core.package_identification:_identify(build) by extension 'ignore'
[0.235s] Level 1:colcon.colcon_core.package_identification:_identify(build) ignored
[0.235s] Level 1:colcon.colcon_core.package_identification:_identify(install) by extensions ['ignore', 'ignore_ament_install']
[0.235s] Level 1:colcon.colcon_core.package_identification:_identify(install) by extension 'ignore'
[0.235s] Level 1:colcon.colcon_core.package_identification:_identify(install) ignored
[0.235s] Level 1:colcon.colcon_core.package_identification:_identify(log) by extensions ['ignore', 'ignore_ament_install']
[0.235s] Level 1:colcon.colcon_core.package_identification:_identify(log) by extension 'ignore'
[0.236s] Level 1:colcon.colcon_core.package_identification:_identify(log) ignored
[0.236s] Level 1:colcon.colcon_core.package_identification:_identify(src) by extensions ['ignore', 'ignore_ament_install']
[0.236s] Level 1:colcon.colcon_core.package_identification:_identify(src) by extension 'ignore'
[0.236s] Level 1:colcon.colcon_core.package_identification:_identify(src) by extension 'ignore_ament_install'
[0.236s] Level 1:colcon.colcon_core.package_identification:_identify(src) by extensions ['colcon_pkg']
[0.236s] Level 1:colcon.colcon_core.package_identification:_identify(src) by extension 'colcon_pkg'
[0.236s] Level 1:colcon.colcon_core.package_identification:_identify(src) by extensions ['colcon_meta']
[0.236s] Level 1:colcon.colcon_core.package_identification:_identify(src) by extension 'colcon_meta'
[0.236s] Level 1:colcon.colcon_core.package_identification:_identify(src) by extensions ['ros']
[0.236s] Level 1:colcon.colcon_core.package_identification:_identify(src) by extension 'ros'
[0.236s] Level 1:colcon.colcon_core.package_identification:_identify(src) by extensions ['cmake', 'python']
[0.236s] Level 1:colcon.colcon_core.package_identification:_identify(src) by extension 'cmake'
[0.236s] Level 1:colcon.colcon_core.package_identification:_identify(src) by extension 'python'
[0.236s] Level 1:colcon.colcon_core.package_identification:_identify(src) by extensions ['python_setup_py']
[0.236s] Level 1:colcon.colcon_core.package_identification:_identify(src) by extension 'python_setup_py'
[0.236s] Level 1:colcon.colcon_core.package_identification:_identify(src/example_interfaces_rclpy) by extensions ['ignore', 'ignore_ament_install']
[0.236s] Level 1:colcon.colcon_core.package_identification:_identify(src/example_interfaces_rclpy) by extension 'ignore'
[0.236s] Level 1:colcon.colcon_core.package_identification:_identify(src/example_interfaces_rclpy) by extension 'ignore_ament_install'
[0.236s] Level 1:colcon.colcon_core.package_identification:_identify(src/example_interfaces_rclpy) by extensions ['colcon_pkg']
[0.236s] Level 1:colcon.colcon_core.package_identification:_identify(src/example_interfaces_rclpy) by extension 'colcon_pkg'
[0.237s] Level 1:colcon.colcon_core.package_identification:_identify(src/example_interfaces_rclpy) by extensions ['colcon_meta']
[0.237s] Level 1:colcon.colcon_core.package_identification:_identify(src/example_interfaces_rclpy) by extension 'colcon_meta'
[0.237s] Level 1:colcon.colcon_core.package_identification:_identify(src/example_interfaces_rclpy) by extensions ['ros']
[0.237s] Level 1:colcon.colcon_core.package_identification:_identify(src/example_interfaces_rclpy) by extension 'ros'
[0.238s] DEBUG:colcon.colcon_core.package_identification:Package 'src/example_interfaces_rclpy' with type 'ros.ament_python' and name 'example_interfaces_rclpy'
[0.239s] Level 1:colcon.colcon_core.package_identification:_identify(src/example_ros2_interface) by extensions ['ignore', 'ignore_ament_install']
[0.239s] Level 1:colcon.colcon_core.package_identification:_identify(src/example_ros2_interface) by extension 'ignore'
[0.239s] Level 1:colcon.colcon_core.package_identification:_identify(src/example_ros2_interface) by extension 'ignore_ament_install'
[0.239s] Level 1:colcon.colcon_core.package_identification:_identify(src/example_ros2_interface) by extensions ['colcon_pkg']
[0.239s] Level 1:colcon.colcon_core.package_identification:_identify(src/example_ros2_interface) by extension 'colcon_pkg'
[0.239s] Level 1:colcon.colcon_core.package_identification:_identify(src/example_ros2_interface) by extensions ['colcon_meta']
[0.239s] Level 1:colcon.colcon_core.package_identification:_identify(src/example_ros2_interface) by extension 'colcon_meta'
[0.239s] Level 1:colcon.colcon_core.package_identification:_identify(src/example_ros2_interface) by extensions ['ros']
[0.239s] Level 1:colcon.colcon_core.package_identification:_identify(src/example_ros2_interface) by extension 'ros'
[0.239s] DEBUG:colcon.colcon_core.package_identification:Package 'src/example_ros2_interface' with type 'ros.ament_cmake' and name 'example_ros2_interface'
[0.240s] Level 1:colcon.colcon_core.package_discovery:discover_packages(recursive) using defaults
[0.240s] Level 1:colcon.colcon_core.package_discovery:discover_packages(ignore) discover
[0.240s] Level 1:colcon.colcon_core.package_discovery:discover_packages(ignore) using defaults
[0.240s] Level 1:colcon.colcon_core.package_discovery:discover_packages(path) discover
[0.240s] Level 1:colcon.colcon_core.package_discovery:discover_packages(path) using defaults
[0.255s] INFO:colcon.colcon_core.package_selection:Skipping package 'example_ros2_interface' in 'src/example_ros2_interface'
[0.255s] Level 5:colcon.colcon_core.verb:set package 'example_interfaces_rclpy' build argument 'cmake_args' from command line to 'None'
[0.255s] Level 5:colcon.colcon_core.verb:set package 'example_interfaces_rclpy' build argument 'cmake_target' from command line to 'None'
[0.255s] Level 5:colcon.colcon_core.verb:set package 'example_interfaces_rclpy' build argument 'cmake_target_skip_unavailable' from command line to 'False'
[0.255s] Level 5:colcon.colcon_core.verb:set package 'example_interfaces_rclpy' build argument 'cmake_clean_cache' from command line to 'False'
[0.256s] Level 5:colcon.colcon_core.verb:set package 'example_interfaces_rclpy' build argument 'cmake_clean_first' from command line to 'False'
[0.256s] Level 5:colcon.colcon_core.verb:set package 'example_interfaces_rclpy' build argument 'cmake_force_configure' from command line to 'False'
[0.256s] Level 5:colcon.colcon_core.verb:set package 'example_interfaces_rclpy' build argument 'ament_cmake_args' from command line to 'None'
[0.256s] Level 5:colcon.colcon_core.verb:set package 'example_interfaces_rclpy' build argument 'catkin_cmake_args' from command line to 'None'
[0.256s] Level 5:colcon.colcon_core.verb:set package 'example_interfaces_rclpy' build argument 'catkin_skip_building_tests' from command line to 'False'
[0.256s] DEBUG:colcon.colcon_core.verb:Building package 'example_interfaces_rclpy' with the following arguments: {'ament_cmake_args': None, 'build_base': '/home/yezi/chapt_ws/build/example_interfaces_rclpy', 'catkin_cmake_args': None, 'catkin_skip_building_tests': False, 'cmake_args': None, 'cmake_clean_cache': False, 'cmake_clean_first': False, 'cmake_force_configure': False, 'cmake_target': None, 'cmake_target_skip_unavailable': False, 'install_base': '/home/yezi/chapt_ws/install/example_interfaces_rclpy', 'merge_install': False, 'path': '/home/yezi/chapt_ws/src/example_interfaces_rclpy', 'symlink_install': False, 'test_result_base': None}
[0.256s] INFO:colcon.colcon_core.executor:Executing jobs using 'parallel' executor
[0.257s] DEBUG:colcon.colcon_parallel_executor.executor.parallel:run_until_complete
[0.257s] INFO:colcon.colcon_ros.task.ament_python.build:Building ROS package in '/home/yezi/chapt_ws/src/example_interfaces_rclpy' with build type 'ament_python'
[0.258s] Level 1:colcon.colcon_core.shell:create_environment_hook('example_interfaces_rclpy', 'ament_prefix_path')
[0.259s] INFO:colcon.colcon_core.plugin_system:Skipping extension 'colcon_core.shell.bat': Not used on non-Windows systems
[0.259s] INFO:colcon.colcon_core.shell:Creating environment hook '/home/yezi/chapt_ws/install/example_interfaces_rclpy/share/example_interfaces_rclpy/hook/ament_prefix_path.ps1'
[0.260s] INFO:colcon.colcon_core.shell:Creating environment descriptor '/home/yezi/chapt_ws/install/example_interfaces_rclpy/share/example_interfaces_rclpy/hook/ament_prefix_path.dsv'
[0.260s] INFO:colcon.colcon_core.shell:Creating environment hook '/home/yezi/chapt_ws/install/example_interfaces_rclpy/share/example_interfaces_rclpy/hook/ament_prefix_path.sh'
[0.261s] INFO:colcon.colcon_core.shell:Skip shell extension 'powershell' for command environment: Not usable outside of PowerShell
[0.261s] DEBUG:colcon.colcon_core.shell:Skip shell extension 'dsv' for command environment
[0.448s] INFO:colcon.colcon_core.task.python.build:Building Python package in '/home/yezi/chapt_ws/src/example_interfaces_rclpy'
[0.448s] INFO:colcon.colcon_core.shell:Skip shell extension 'powershell' for command environment: Not usable outside of PowerShell
[0.448s] DEBUG:colcon.colcon_core.shell:Skip shell extension 'dsv' for command environment
[0.701s] DEBUG:colcon.colcon_core.event_handler.log_command:Invoking command in '/home/yezi/chapt_ws/src/example_interfaces_rclpy': PYTHONPATH=/home/yezi/chapt_ws/build/example_interfaces_rclpy/prefix_override:/usr/lib/python3/dist-packages/colcon_core/task/python/colcon_distutils_commands:/home/yezi/chapt_ws/install/example_interfaces_rclpy/lib/python3.10/site-packages:${PYTHONPATH} /usr/bin/python3 -W ignore:setup.py install is deprecated -W ignore:easy_install command is deprecated setup.py egg_info --egg-base ../../build/example_interfaces_rclpy build --build-base /home/yezi/chapt_ws/build/example_interfaces_rclpy/build install --record /home/yezi/chapt_ws/build/example_interfaces_rclpy/install.log --single-version-externally-managed install_data
[0.966s] DEBUG:colcon.colcon_core.event_handler.log_command:Invoked command in '/home/yezi/chapt_ws/src/example_interfaces_rclpy' returned '0': PYTHONPATH=/home/yezi/chapt_ws/build/example_interfaces_rclpy/prefix_override:/usr/lib/python3/dist-packages/colcon_core/task/python/colcon_distutils_commands:/home/yezi/chapt_ws/install/example_interfaces_rclpy/lib/python3.10/site-packages:${PYTHONPATH} /usr/bin/python3 -W ignore:setup.py install is deprecated -W ignore:easy_install command is deprecated setup.py egg_info --egg-base ../../build/example_interfaces_rclpy build --build-base /home/yezi/chapt_ws/build/example_interfaces_rclpy/build install --record /home/yezi/chapt_ws/build/example_interfaces_rclpy/install.log --single-version-externally-managed install_data
[0.968s] Level 1:colcon.colcon_core.environment:checking '/home/yezi/chapt_ws/install/example_interfaces_rclpy' for CMake module files
[0.969s] Level 1:colcon.colcon_core.environment:checking '/home/yezi/chapt_ws/install/example_interfaces_rclpy' for CMake config files
[0.969s] Level 1:colcon.colcon_core.environment:checking '/home/yezi/chapt_ws/install/example_interfaces_rclpy/lib'
[0.969s] Level 1:colcon.colcon_core.environment:checking '/home/yezi/chapt_ws/install/example_interfaces_rclpy/bin'
[0.969s] Level 1:colcon.colcon_core.environment:checking '/home/yezi/chapt_ws/install/example_interfaces_rclpy/lib/pkgconfig/example_interfaces_rclpy.pc'
[0.970s] Level 1:colcon.colcon_core.environment:checking '/home/yezi/chapt_ws/install/example_interfaces_rclpy/lib/python3.10/site-packages'
[0.970s] Level 1:colcon.colcon_core.shell:create_environment_hook('example_interfaces_rclpy', 'pythonpath')
[0.970s] INFO:colcon.colcon_core.shell:Creating environment hook '/home/yezi/chapt_ws/install/example_interfaces_rclpy/share/example_interfaces_rclpy/hook/pythonpath.ps1'
[0.970s] INFO:colcon.colcon_core.shell:Creating environment descriptor '/home/yezi/chapt_ws/install/example_interfaces_rclpy/share/example_interfaces_rclpy/hook/pythonpath.dsv'
[0.971s] INFO:colcon.colcon_core.shell:Creating environment hook '/home/yezi/chapt_ws/install/example_interfaces_rclpy/share/example_interfaces_rclpy/hook/pythonpath.sh'
[0.972s] Level 1:colcon.colcon_core.environment:checking '/home/yezi/chapt_ws/install/example_interfaces_rclpy/bin'
[0.972s] Level 1:colcon.colcon_core.environment:create_environment_scripts_only(example_interfaces_rclpy)
[0.972s] INFO:colcon.colcon_core.shell:Creating package script '/home/yezi/chapt_ws/install/example_interfaces_rclpy/share/example_interfaces_rclpy/package.ps1'
[0.973s] INFO:colcon.colcon_core.shell:Creating package descriptor '/home/yezi/chapt_ws/install/example_interfaces_rclpy/share/example_interfaces_rclpy/package.dsv'
[0.973s] INFO:colcon.colcon_core.shell:Creating package script '/home/yezi/chapt_ws/install/example_interfaces_rclpy/share/example_interfaces_rclpy/package.sh'
[0.974s] INFO:colcon.colcon_core.shell:Creating package script '/home/yezi/chapt_ws/install/example_interfaces_rclpy/share/example_interfaces_rclpy/package.bash'
[0.975s] INFO:colcon.colcon_core.shell:Creating package script '/home/yezi/chapt_ws/install/example_interfaces_rclpy/share/example_interfaces_rclpy/package.zsh'
[0.976s] Level 1:colcon.colcon_core.environment:create_file_with_runtime_dependencies(/home/yezi/chapt_ws/install/example_interfaces_rclpy/share/colcon-core/packages/example_interfaces_rclpy)
[0.976s] DEBUG:colcon.colcon_parallel_executor.executor.parallel:closing loop
[0.976s] DEBUG:colcon.colcon_parallel_executor.executor.parallel:loop closed
[0.976s] DEBUG:colcon.colcon_parallel_executor.executor.parallel:run_until_complete finished with '0'
[0.977s] DEBUG:colcon.colcon_core.event_reactor:joining thread
[0.984s] INFO:colcon.colcon_core.plugin_system:Skipping extension 'colcon_notification.desktop_notification.notify_send': Could not find 'notify-send'
[0.985s] INFO:colcon.colcon_core.plugin_system:Skipping extension 'colcon_notification.desktop_notification.terminal_notifier': Not used on non-Darwin systems
[0.985s] INFO:colcon.colcon_core.plugin_system:Skipping extension 'colcon_notification.desktop_notification.win32': Not used on non-Windows systems
[0.985s] INFO:colcon.colcon_notification.desktop_notification:Sending desktop notification using 'notify2'
[0.985s] DEBUG:colcon.colcon_notification.desktop_notification.notify2:Failed to initialize notify2: org.freedesktop.DBus.Error.NotSupported: Unable to autolaunch a dbus-daemon without a $DISPLAY for X11
[0.985s] DEBUG:colcon.colcon_core.event_reactor:joined thread
[0.985s] INFO:colcon.colcon_core.shell:Creating prefix script '/home/yezi/chapt_ws/install/local_setup.ps1'
[0.987s] INFO:colcon.colcon_core.shell:Creating prefix util module '/home/yezi/chapt_ws/install/_local_setup_util_ps1.py'
[0.988s] INFO:colcon.colcon_core.shell:Creating prefix chain script '/home/yezi/chapt_ws/install/setup.ps1'
[0.989s] INFO:colcon.colcon_core.shell:Creating prefix script '/home/yezi/chapt_ws/install/local_setup.sh'
[0.990s] INFO:colcon.colcon_core.shell:Creating prefix util module '/home/yezi/chapt_ws/install/_local_setup_util_sh.py'
[0.990s] INFO:colcon.colcon_core.shell:Creating prefix chain script '/home/yezi/chapt_ws/install/setup.sh'
[0.998s] INFO:colcon.colcon_core.shell:Creating prefix script '/home/yezi/chapt_ws/install/local_setup.bash'
[0.999s] INFO:colcon.colcon_core.shell:Creating prefix chain script '/home/yezi/chapt_ws/install/setup.bash'
[1.000s] INFO:colcon.colcon_core.shell:Creating prefix script '/home/yezi/chapt_ws/install/local_setup.zsh'
[1.001s] INFO:colcon.colcon_core.shell:Creating prefix chain script '/home/yezi/chapt_ws/install/setup.zsh'
