[0.435s] Invoking command in '/home/yezi/chapt_ws/build/example_interfaces_rclpy': PYTHONPATH=/home/yezi/chapt_ws/build/example_interfaces_rclpy/prefix_override:/usr/lib/python3/dist-packages/colcon_core/task/python/colcon_distutils_commands:/home/yezi/chapt_ws/install/example_interfaces_rclpy/lib/python3.10/site-packages:${PYTHONPATH} /usr/bin/python3 -W ignore:setup.py install is deprecated -W ignore:easy_install command is deprecated setup.py develop --editable --build-directory /home/yezi/chapt_ws/build/example_interfaces_rclpy/build --no-deps symlink_data --force
[0.671s] running develop
[0.769s] running egg_info
[0.769s] writing example_interfaces_rclpy.egg-info/PKG-INFO
[0.770s] writing dependency_links to example_interfaces_rclpy.egg-info/dependency_links.txt
[0.770s] writing entry points to example_interfaces_rclpy.egg-info/entry_points.txt
[0.771s] writing requirements to example_interfaces_rclpy.egg-info/requires.txt
[0.771s] writing top-level names to example_interfaces_rclpy.egg-info/top_level.txt
[0.772s] reading manifest file 'example_interfaces_rclpy.egg-info/SOURCES.txt'
[0.773s] writing manifest file 'example_interfaces_rclpy.egg-info/SOURCES.txt'
[0.774s] running build_ext
[0.774s] Creating /home/yezi/chapt_ws/install/example_interfaces_rclpy/lib/python3.10/site-packages/example-interfaces-rclpy.egg-link (link to .)
[0.775s] Installing example_interface_control_02 script to /home/yezi/chapt_ws/install/example_interfaces_rclpy/lib/example_interfaces_rclpy
[0.775s] Installing example_interfaces_robot_02 script to /home/yezi/chapt_ws/install/example_interfaces_rclpy/lib/example_interfaces_rclpy
[0.775s] 
[0.775s] Installed /home/yezi/chapt_ws/build/example_interfaces_rclpy
[0.775s] running symlink_data
[0.775s] symbolically linking /home/yezi/chapt_ws/build/example_interfaces_rclpy/resource/example_interfaces_rclpy -> /home/yezi/chapt_ws/install/example_interfaces_rclpy/share/ament_index/resource_index/packages
[0.775s] symbolically linking /home/yezi/chapt_ws/build/example_interfaces_rclpy/package.xml -> /home/yezi/chapt_ws/install/example_interfaces_rclpy/share/example_interfaces_rclpy
[0.793s] Invoked command in '/home/yezi/chapt_ws/build/example_interfaces_rclpy' returned '0': PYTHONPATH=/home/yezi/chapt_ws/build/example_interfaces_rclpy/prefix_override:/usr/lib/python3/dist-packages/colcon_core/task/python/colcon_distutils_commands:/home/yezi/chapt_ws/install/example_interfaces_rclpy/lib/python3.10/site-packages:${PYTHONPATH} /usr/bin/python3 -W ignore:setup.py install is deprecated -W ignore:easy_install command is deprecated setup.py develop --editable --build-directory /home/yezi/chapt_ws/build/example_interfaces_rclpy/build --no-deps symlink_data --force
