[0.550s] Invoking command in '/home/yezi/chapt_ws/src/example_interfaces_rclpy': PYTHONPATH=/home/yezi/chapt_ws/build/example_interfaces_rclpy/prefix_override:/usr/lib/python3/dist-packages/colcon_core/task/python/colcon_distutils_commands:/home/yezi/chapt_ws/install/example_interfaces_rclpy/lib/python3.10/site-packages:${PYTHONPATH} /usr/bin/python3 -W ignore:setup.py install is deprecated -W ignore:easy_install command is deprecated setup.py egg_info --egg-base ../../build/example_interfaces_rclpy build --build-base /home/yezi/chapt_ws/build/example_interfaces_rclpy/build install --record /home/yezi/chapt_ws/build/example_interfaces_rclpy/install.log --single-version-externally-managed install_data
[0.710s] running egg_info
[0.710s] creating ../../build/example_interfaces_rclpy/example_interfaces_rclpy.egg-info
[0.711s] writing ../../build/example_interfaces_rclpy/example_interfaces_rclpy.egg-info/PKG-INFO
[0.711s] writing dependency_links to ../../build/example_interfaces_rclpy/example_interfaces_rclpy.egg-info/dependency_links.txt
[0.711s] writing entry points to ../../build/example_interfaces_rclpy/example_interfaces_rclpy.egg-info/entry_points.txt
[0.711s] writing requirements to ../../build/example_interfaces_rclpy/example_interfaces_rclpy.egg-info/requires.txt
[0.711s] writing top-level names to ../../build/example_interfaces_rclpy/example_interfaces_rclpy.egg-info/top_level.txt
[0.711s] writing manifest file '../../build/example_interfaces_rclpy/example_interfaces_rclpy.egg-info/SOURCES.txt'
[0.712s] reading manifest file '../../build/example_interfaces_rclpy/example_interfaces_rclpy.egg-info/SOURCES.txt'
[0.713s] writing manifest file '../../build/example_interfaces_rclpy/example_interfaces_rclpy.egg-info/SOURCES.txt'
[0.713s] running build
[0.713s] running build_py
[0.713s] creating /home/yezi/chapt_ws/build/example_interfaces_rclpy/build
[0.713s] creating /home/yezi/chapt_ws/build/example_interfaces_rclpy/build/lib
[0.713s] creating /home/yezi/chapt_ws/build/example_interfaces_rclpy/build/lib/example_interfaces_rclpy
[0.713s] copying example_interfaces_rclpy/example_interfaces_control_02.py -> /home/yezi/chapt_ws/build/example_interfaces_rclpy/build/lib/example_interfaces_rclpy
[0.714s] copying example_interfaces_rclpy/__init__.py -> /home/yezi/chapt_ws/build/example_interfaces_rclpy/build/lib/example_interfaces_rclpy
[0.714s] copying example_interfaces_rclpy/example_interfaces_robot_02.py -> /home/yezi/chapt_ws/build/example_interfaces_rclpy/build/lib/example_interfaces_rclpy
[0.714s] running install
[0.714s] running install_lib
[0.714s] creating /home/yezi/chapt_ws/install/example_interfaces_rclpy/lib/python3.10/site-packages/example_interfaces_rclpy
[0.714s] copying /home/yezi/chapt_ws/build/example_interfaces_rclpy/build/lib/example_interfaces_rclpy/example_interfaces_control_02.py -> /home/yezi/chapt_ws/install/example_interfaces_rclpy/lib/python3.10/site-packages/example_interfaces_rclpy
[0.715s] copying /home/yezi/chapt_ws/build/example_interfaces_rclpy/build/lib/example_interfaces_rclpy/__init__.py -> /home/yezi/chapt_ws/install/example_interfaces_rclpy/lib/python3.10/site-packages/example_interfaces_rclpy
[0.715s] copying /home/yezi/chapt_ws/build/example_interfaces_rclpy/build/lib/example_interfaces_rclpy/example_interfaces_robot_02.py -> /home/yezi/chapt_ws/install/example_interfaces_rclpy/lib/python3.10/site-packages/example_interfaces_rclpy
[0.715s] byte-compiling /home/yezi/chapt_ws/install/example_interfaces_rclpy/lib/python3.10/site-packages/example_interfaces_rclpy/example_interfaces_control_02.py to example_interfaces_control_02.cpython-310.pyc
[0.715s] byte-compiling /home/yezi/chapt_ws/install/example_interfaces_rclpy/lib/python3.10/site-packages/example_interfaces_rclpy/__init__.py to __init__.cpython-310.pyc
[0.715s] byte-compiling /home/yezi/chapt_ws/install/example_interfaces_rclpy/lib/python3.10/site-packages/example_interfaces_rclpy/example_interfaces_robot_02.py to example_interfaces_robot_02.cpython-310.pyc
[0.716s] running install_data
[0.716s] creating /home/yezi/chapt_ws/install/example_interfaces_rclpy/share/ament_index
[0.716s] creating /home/yezi/chapt_ws/install/example_interfaces_rclpy/share/ament_index/resource_index
[0.716s] creating /home/yezi/chapt_ws/install/example_interfaces_rclpy/share/ament_index/resource_index/packages
[0.716s] copying resource/example_interfaces_rclpy -> /home/yezi/chapt_ws/install/example_interfaces_rclpy/share/ament_index/resource_index/packages
[0.716s] copying package.xml -> /home/yezi/chapt_ws/install/example_interfaces_rclpy/share/example_interfaces_rclpy
[0.716s] running install_egg_info
[0.717s] Copying ../../build/example_interfaces_rclpy/example_interfaces_rclpy.egg-info to /home/yezi/chapt_ws/install/example_interfaces_rclpy/lib/python3.10/site-packages/example_interfaces_rclpy-0.0.0-py3.10.egg-info
[0.718s] running install_scripts
[0.738s] Installing example_interface_control_02 script to /home/yezi/chapt_ws/install/example_interfaces_rclpy/lib/example_interfaces_rclpy
[0.738s] Installing example_interfaces_robot_02 script to /home/yezi/chapt_ws/install/example_interfaces_rclpy/lib/example_interfaces_rclpy
[0.738s] writing list of installed files to '/home/yezi/chapt_ws/build/example_interfaces_rclpy/install.log'
[0.753s] Invoked command in '/home/yezi/chapt_ws/src/example_interfaces_rclpy' returned '0': PYTHONPATH=/home/yezi/chapt_ws/build/example_interfaces_rclpy/prefix_override:/usr/lib/python3/dist-packages/colcon_core/task/python/colcon_distutils_commands:/home/yezi/chapt_ws/install/example_interfaces_rclpy/lib/python3.10/site-packages:${PYTHONPATH} /usr/bin/python3 -W ignore:setup.py install is deprecated -W ignore:easy_install command is deprecated setup.py egg_info --egg-base ../../build/example_interfaces_rclpy build --build-base /home/yezi/chapt_ws/build/example_interfaces_rclpy/build install --record /home/yezi/chapt_ws/build/example_interfaces_rclpy/install.log --single-version-externally-managed install_data
